<?xml version="1.0" encoding="UTF-8"?>
<!-- Generated by org.testng.reporters.JUnitReportReporter -->
<testsuite hostname="DESKTOP-JKDSCPI" failures="0" tests="1" name="com.samtech.qa.testcases.contactpagetest" time="40.206" errors="0" timestamp="2021-03-16T02:50:01 IST" skipped="0">
  <testcase classname="com.samtech.qa.testcases.contactpagetest" name="validatenewcontact" time="40.206"/>
  <system-out/>
</testsuite> <!-- com.samtech.qa.testcases.contactpagetest -->
