<?xml version="1.0" encoding="UTF-8"?>
<!-- Generated by org.testng.reporters.JUnitReportReporter -->
<testsuite hostname="DESKTOP-JKDSCPI" failures="0" tests="3" name="com.samtech.qa.testcases.loginTestcase" time="99.988" errors="0" timestamp="2021-03-16T02:50:01 IST" skipped="0">
  <testcase classname="com.samtech.qa.testcases.loginTestcase" name="validetTilte" time="20.091"/>
  <system-out/>
  <testcase classname="com.samtech.qa.testcases.loginTestcase" name="validatetitlelogo" time="19.018"/>
  <system-out/>
  <testcase classname="com.samtech.qa.testcases.loginTestcase" name="loginTest" time="60.879"/>
  <system-out/>
</testsuite> <!-- com.samtech.qa.testcases.loginTestcase -->
