<?xml version="1.0" encoding="UTF-8"?>
<!-- Generated by org.testng.reporters.JUnitReportReporter -->
<testsuite hostname="DESKTOP-JKDSCPI" failures="0" tests="4" name="com.samtech.qa.testcases.HomePageTest" time="140.434" errors="0" timestamp="2021-03-16T02:50:01 IST" skipped="0">
  <testcase classname="com.samtech.qa.testcases.HomePageTest" name="companiepageTest" time="31.502"/>
  <system-out/>
  <testcase classname="com.samtech.qa.testcases.HomePageTest" name="contactpagetest" time="31.445"/>
  <system-out/>
  <testcase classname="com.samtech.qa.testcases.HomePageTest" name="homepagevalidateTest" time="27.766"/>
  <system-out/>
  <testcase classname="com.samtech.qa.testcases.HomePageTest" name="calenderPageTest" time="49.721"/>
  <system-out/>
</testsuite> <!-- com.samtech.qa.testcases.HomePageTest -->
